20.02.2024 10:50:05.821 [main] INFO  c.m.a.f.a.r.b.u.ApiCalls - Sending GET for: aircrafts/{id}([1157]) 
20.02.2024 10:50:07.323 [main] ERROR i.q.a.AllureLifecycle - Could not add attachment: no test is running
20.02.2024 10:50:07.912 [main] ERROR i.q.a.AllureLifecycle - Could not add attachment: no test is running
20.02.2024 10:50:56.441 [main] INFO  c.m.a.f.a.r.b.u.ApiCalls - Sending GET for: aircrafts/{id}([1157]) 
20.02.2024 10:50:57.595 [main] INFO  c.m.a.f.a.r.b.u.ApiCalls - Sending POST for: aircrafts [] | Body = {
  "manufacturer" : "Wierdo",
  "model" : "Strange Thing",
  "numberOfSeats" : null
}
20.02.2024 10:50:57.848 [main] INFO  c.m.a.f.a.r.b.u.ApiCalls - Sending GET for: aircrafts/{id}([1191]) 
20.02.2024 10:51:44.784 [main] INFO  c.m.a.f.a.r.b.u.ApiCalls - Sending GET for: aircrafts/{id}([1157]) 
20.02.2024 10:51:45.482 [main] ERROR i.q.a.AllureLifecycle - Could not add attachment: no test is running
20.02.2024 10:51:46.041 [main] ERROR i.q.a.AllureLifecycle - Could not add attachment: no test is running
20.02.2024 10:52:50.624 [main] INFO  c.m.a.f.a.r.b.u.ApiCalls - Sending GET for: aircrafts/{id}([1157]) 
20.02.2024 10:52:51.271 [main] ERROR i.q.a.AllureLifecycle - Could not add attachment: no test is running
20.02.2024 10:52:51.799 [main] ERROR i.q.a.AllureLifecycle - Could not add attachment: no test is running
20.02.2024 10:52:51.912 [main] INFO  c.m.a.f.a.r.b.u.ApiCalls - Sending GET for: aircrafts/{id}([1157]) 
20.02.2024 10:52:51.930 [main] ERROR i.q.a.AllureLifecycle - Could not add attachment: no test is running
20.02.2024 10:52:52.113 [main] ERROR i.q.a.AllureLifecycle - Could not add attachment: no test is running
20.02.2024 10:53:29.683 [main] INFO  c.m.a.f.a.r.b.u.ApiCalls - Sending GET for: aircrafts/{id}([1157]) 
20.02.2024 10:53:30.902 [main] INFO  c.m.a.f.a.r.b.u.ApiCalls - Sending GET for: aircrafts/{id}([1157]) 
20.02.2024 10:53:31.238 [main] INFO  c.m.a.f.a.r.b.u.ApiCalls - Sending POST for: aircrafts [] | Body = {
  "manufacturer" : "Wierdo",
  "model" : "Strange Thing",
  "numberOfSeats" : null
}
20.02.2024 10:53:31.478 [main] INFO  c.m.a.f.a.r.b.u.ApiCalls - Sending GET for: aircrafts/{id}([1192]) 
20.02.2024 10:58:45.232 [main] INFO  c.m.a.f.a.r.b.u.ApiCalls - Sending GET for: aircrafts/{id}([1157]) 
20.02.2024 10:58:46.451 [main] INFO  c.m.a.f.a.r.b.u.ApiCalls - Sending GET for: aircrafts/{id}([1157]) 
20.02.2024 10:58:46.780 [main] INFO  c.m.a.f.a.r.b.u.ApiCalls - Sending POST for: aircrafts [] | Body = {
  "manufacturer" : "Wierdo",
  "model" : "Strange Thing",
  "numberOfSeats" : null
}
20.02.2024 10:58:47.076 [main] INFO  c.m.a.f.a.r.b.u.ApiCalls - Sending GET for: aircrafts/{id}([1193]) 
20.02.2024 10:58:56.917 [main] INFO  c.m.a.f.a.r.b.u.ApiCalls - Sending GET for: aircrafts/{id}([1157]) 
20.02.2024 10:58:57.631 [main] ERROR i.q.a.AllureLifecycle - Could not add attachment: no test is running
20.02.2024 10:58:58.137 [main] ERROR i.q.a.AllureLifecycle - Could not add attachment: no test is running
20.02.2024 10:58:58.247 [main] INFO  c.m.a.f.a.r.b.u.ApiCalls - Sending GET for: aircrafts/{id}([1157]) 
20.02.2024 10:58:58.263 [main] ERROR i.q.a.AllureLifecycle - Could not add attachment: no test is running
20.02.2024 10:58:58.449 [main] ERROR i.q.a.AllureLifecycle - Could not add attachment: no test is running
20.02.2024 11:03:20.092 [main] INFO  c.m.a.f.a.r.b.u.ApiCalls - Sending GET for: aircrafts/{id}([12]) 
20.02.2024 11:03:20.776 [main] ERROR i.q.a.AllureLifecycle - Could not add attachment: no test is running
20.02.2024 11:03:21.297 [main] ERROR i.q.a.AllureLifecycle - Could not add attachment: no test is running
20.02.2024 11:05:31.954 [main] INFO  c.m.a.f.a.r.b.u.ApiCalls - Sending GET for: aircrafts/{id}([12]) 
20.02.2024 11:05:32.604 [main] ERROR i.q.a.AllureLifecycle - Could not add attachment: no test is running
20.02.2024 11:05:33.145 [main] ERROR i.q.a.AllureLifecycle - Could not add attachment: no test is running
20.02.2024 11:05:33.262 [main] INFO  c.m.a.f.a.r.b.u.ApiCalls - Sending GET for: aircrafts/{id}([1157]) 
20.02.2024 11:05:33.277 [main] ERROR i.q.a.AllureLifecycle - Could not add attachment: no test is running
20.02.2024 11:05:33.505 [main] ERROR i.q.a.AllureLifecycle - Could not add attachment: no test is running
20.02.2024 11:06:27.273 [main] INFO  c.m.a.f.a.r.b.u.ApiCalls - Sending GET for: aircrafts/{id}([12]) 
20.02.2024 11:06:27.967 [main] ERROR i.q.a.AllureLifecycle - Could not add attachment: no test is running
20.02.2024 11:06:28.458 [main] ERROR i.q.a.AllureLifecycle - Could not add attachment: no test is running
20.02.2024 11:09:43.226 [main] INFO  c.m.a.f.a.r.b.u.ApiCalls - Sending GET for: aircrafts/{id}([12]) 
20.02.2024 11:09:43.923 [main] ERROR i.q.a.AllureLifecycle - Could not add attachment: no test is running
20.02.2024 11:09:44.468 [main] ERROR i.q.a.AllureLifecycle - Could not add attachment: no test is running
20.02.2024 11:11:34.263 [main] INFO  c.m.a.f.a.r.b.u.ApiCalls - Sending GET for: aircrafts/{id}([12]) 
20.02.2024 11:11:35.498 [main] INFO  c.m.a.f.a.r.b.u.ApiCalls - Sending GET for: aircrafts/{id}([1157]) 
20.02.2024 11:11:35.822 [main] INFO  c.m.a.f.a.r.b.u.ApiCalls - Sending POST for: aircrafts [] | Body = {
  "manufacturer" : "Wierdo",
  "model" : "Strange Thing",
  "numberOfSeats" : null
}
20.02.2024 11:11:36.124 [main] INFO  c.m.a.f.a.r.b.u.ApiCalls - Sending GET for: aircrafts/{id}([1194]) 
20.02.2024 11:14:08.180 [main] INFO  c.m.a.f.a.r.b.u.ApiCalls - Sending GET for: aircrafts/{id}([12]) 
20.02.2024 11:14:08.889 [main] ERROR i.q.a.AllureLifecycle - Could not add attachment: no test is running
20.02.2024 11:14:09.376 [main] ERROR i.q.a.AllureLifecycle - Could not add attachment: no test is running
20.02.2024 11:31:00.735 [main] INFO  c.m.a.f.a.r.b.u.ApiCalls - Sending POST for: aircrafts [] | Body = {
  "manufacturer" : "Wierdo",
  "model" : "Strange Thing",
  "numberOfSeats" : null
}
20.02.2024 11:31:01.431 [main] ERROR i.q.a.AllureLifecycle - Could not add attachment: no test is running
20.02.2024 11:31:01.992 [main] ERROR i.q.a.AllureLifecycle - Could not add attachment: no test is running
20.02.2024 11:31:02.112 [main] INFO  c.m.a.f.a.r.b.u.ApiCalls - Sending GET for: aircrafts/{id}([1195]) 
20.02.2024 11:31:02.141 [main] ERROR i.q.a.AllureLifecycle - Could not add attachment: no test is running
20.02.2024 11:31:02.341 [main] ERROR i.q.a.AllureLifecycle - Could not add attachment: no test is running
20.02.2024 11:41:29.563 [main] INFO  c.m.a.f.a.r.b.u.ApiCalls - Sending GET for: aircrafts/{id}([1157]) 
20.02.2024 11:41:30.846 [main] INFO  c.m.a.f.a.r.b.u.ApiCalls - Sending POST for: aircrafts [] | Body = {
  "manufacturer" : "Wierdo",
  "model" : "Strange Thing",
  "numberOfSeats" : null
}
20.02.2024 11:41:31.155 [main] INFO  c.m.a.f.a.r.b.u.ApiCalls - Sending GET for: aircrafts/{id}([1196]) 
20.02.2024 11:41:44.672 [main] INFO  c.m.a.f.a.r.b.u.ApiCalls - Sending GET for: aircrafts/{id}([1157]) 
20.02.2024 11:41:45.353 [main] ERROR i.q.a.AllureLifecycle - Could not add attachment: no test is running
20.02.2024 11:41:45.865 [main] ERROR i.q.a.AllureLifecycle - Could not add attachment: no test is running
20.02.2024 11:46:41.611 [main] INFO  c.m.a.f.a.r.b.u.ApiCalls - Sending GET for: aircrafts/{id}([12]) 
20.02.2024 11:46:42.301 [main] ERROR i.q.a.AllureLifecycle - Could not add attachment: no test is running
20.02.2024 11:46:42.924 [main] ERROR i.q.a.AllureLifecycle - Could not add attachment: no test is running
20.02.2024 11:47:14.175 [main] INFO  c.m.a.f.a.r.b.u.ApiCalls - Sending GET for: aircrafts/{id}([12]) 
20.02.2024 11:47:14.882 [main] ERROR i.q.a.AllureLifecycle - Could not add attachment: no test is running
20.02.2024 11:47:15.402 [main] ERROR i.q.a.AllureLifecycle - Could not add attachment: no test is running
20.02.2024 11:47:30.015 [main] INFO  c.m.a.f.a.r.b.u.ApiCalls - Sending GET for: aircrafts/{id}([1157]) 
20.02.2024 11:47:30.710 [main] ERROR i.q.a.AllureLifecycle - Could not add attachment: no test is running
20.02.2024 11:47:31.203 [main] ERROR i.q.a.AllureLifecycle - Could not add attachment: no test is running
